-----------------------------------------------------------------------------

Input image     : VCC0355-I-Image.fits[966:3063,966:3063] 
Init. par. file : VCC0355.galfit 
Restart file    : galfit.01 
Output image    : VCC0355-Output.fits 

 sersic    : ( 2015.00,  2015.00)   17.15     19.80    1.60   *0.01*    0.00
             (    0.01,     0.01)    0.01      0.02    0.01   *0.00*    0.00
 sersic    : ( 2015.00,  2015.00)   19.00     70.40  *27.00*  *0.01*    0.00
             (    0.03,     0.20)    0.09     24.93   *5.14*  *0.00*    0.01
 sky       : [2014.50, 2014.50]     2.00  [0.00e+00]  [0.00e+00]
                                  0.68  [0.00e+00]  [0.00e+00]
 Chi^2 = 2758783779248.02051,  ndof = 4393644
 Chi^2/nu = 627903.348 

-----------------------------------------------------------------------------
-----------------------------------------------------------------------------

Input image     : VCC0355-I-Image.fits[966:3063,966:3063] 
Init. par. file : VCC0355.galfit 
Restart file    : galfit.02 
Output image    : VCC0355-Output.fits 

 sersic    : ( 2015.00,  2015.00)   17.15     19.80    1.60   *0.01*    0.00
             (    0.01,     0.01)    0.01      0.02    0.01   *0.00*    0.00
 sersic    : ( 2015.00,  2015.00)   19.00     70.40  *20.00*  *0.01*    0.00
             (    0.03,     0.21)    0.06     17.80   *2.78*  *0.00*    0.01
 sky       : [2014.50, 2014.50]     2.00  [0.00e+00]  [0.00e+00]
                                  0.69  [0.00e+00]  [0.00e+00]
 Chi^2 = 2806814917960.23633,  ndof = 4393644
 Chi^2/nu = 638835.308 

-----------------------------------------------------------------------------
-----------------------------------------------------------------------------

Input image     : VCC0355-I-Image.fits[1819:2211,1819:2211] 
Init. par. file : VCC0355.galfit 
Restart file    : galfit.03 
Output image    : VCC0355-Output.fits 

 sersic    : ( 2015.00,  2015.00)   17.15     19.88    1.63   *0.01*    0.00
             (    0.03,     0.05)    0.06      0.14    0.03   *0.00*    0.02
 sersic    : ( 2015.00,  2015.00)   19.06     70.45  *27.83*  *0.01*    0.00
             (    0.22,     1.13)    1.07    344.41  *81.15*  *0.00*    0.11
 sky       : [2015.00, 2015.00]     0.11  [0.00e+00]  [0.00e+00]
                                [0.00e+00]  [0.00e+00]  [0.00e+00]
 Chi^2 = 2735567854600.62061,  ndof = 154434
 Chi^2/nu = 17713507.742 

-----------------------------------------------------------------------------
-----------------------------------------------------------------------------

Input image     : VCC0355-I-Image.fits[1819:2211,1819:2211] 
Init. par. file : VCC0355.galfit 
Restart file    : galfit.04 
Output image    : VCC0355-Output.fits 

 sersic    : ( 2015.00,  2015.00)   17.15     19.00    1.63   *0.01*  [16.90]
             (    0.01,     0.04)    0.01      0.16    0.02   *0.00*   [0.00]
 sersic    : ( 2015.00,  2015.00)   19.06     70.00  *27.83*  *0.01*    0.00
             (    0.07,     0.48)    0.42     70.22  *23.89*  *0.00*    0.05
 sky       : [2015.00, 2015.00]     0.05  [0.00e+00]  [0.00e+00]
                                [0.00e+00]  [0.00e+00]  [0.00e+00]
 Chi^2 = 1513343048016.20874,  ndof = 154435
 Chi^2/nu = 9799223.285 

-----------------------------------------------------------------------------
-----------------------------------------------------------------------------

Input image     : VCC0355-I-Image.fits[1819:2211,1819:2211] 
Init. par. file : VCC0355.galfit 
Restart file    : galfit.05 
Output image    : VCC0355-Output.fits 

 sersic    : ( 2015.00,  2015.00)   17.15     19.00    1.63   *0.01*   -1.90
             (    0.00,     0.05)    0.01      0.18    0.02   *0.00*    0.00
 sersic    : ( 2015.00,  2015.00)   19.06     70.00  *27.83*  *0.01*   16.90
             (    0.25,     0.82)    0.16     52.90   *8.53*  *0.00*    0.03
 sky       : [2015.00, 2015.00]     0.03  [0.00e+00]  [0.00e+00]
                                [0.00e+00]  [0.00e+00]  [0.00e+00]
 Chi^2 = 1326377499417.25146,  ndof = 154434
 Chi^2/nu = 8588636.566 

-----------------------------------------------------------------------------
-----------------------------------------------------------------------------

Input image     : VCC0355-I-Image.fits[1819:2211,1819:2211] 
Init. par. file : VCC0355.galfit 
Restart file    : galfit.06 
Output image    : VCC0355-Output.fits 

 sersic    : ( 2015.00,  2015.00)   17.15     19.00    1.63   *0.01*   -1.90
             (    0.00,     0.05)    0.01      0.18    0.02   *0.00*    0.00
 sersic    : ( 2015.00,  2015.00)   19.06     70.00  *27.83*  *0.01*   16.90
             (    0.25,     0.82)    0.16     52.90   *8.53*  *0.00*    0.03
 sky       : [2015.00, 2015.00]     0.03  [0.00e+00]  [0.00e+00]
                                [0.00e+00]  [0.00e+00]  [0.00e+00]
 Chi^2 = 1326377499417.25146,  ndof = 154434
 Chi^2/nu = 8588636.566 

-----------------------------------------------------------------------------
