-----------------------------------------------------------------------------

Input image     : VCC0685-I-Image.fits[1770:2263,1767:2260] 
Init. par. file : VCC0685.galfit 
Restart file    : galfit.01 
Output image    : VCC0685-Output.fits 

 sersic    : ( 2017.49,  2014.18)   20.32     14.48    1.53    0.96    14.08
             (    0.01,     0.01)    0.00      0.02    0.00    0.00     0.87
 sersic    : ( 2017.67,  2014.19)   19.05    130.77    1.15    0.27    28.40
             (    0.01,     0.02)    0.00      0.07    0.00    0.00     0.01
 sky       : [2016.50, 2013.50]    28.87  [0.00e+00]  [0.00e+00]
                                  0.04  [0.00e+00]  [0.00e+00]
 Chi^2 = 20457483.02203,  ndof = 244021
 Chi^2/nu = 83.835 

-----------------------------------------------------------------------------
-----------------------------------------------------------------------------

Input image     : VCC0685-I-Image.fits[1770:2263,1767:2260] 
Init. par. file : VCC0685.galfit 
Restart file    : galfit.02 
Output image    : VCC0685-Output.fits 

 sersic    : ( 2017.49,  2014.18)   20.32     14.48    1.53    0.96    14.08
             (    0.01,     0.01)    0.00      0.02    0.00    0.00     0.87
 sersic    : ( 2017.67,  2014.19)   19.05    130.77    1.15    0.27    28.40
             (    0.01,     0.02)    0.00      0.07    0.00    0.00     0.01
 sky       : [2016.50, 2013.50]    28.87  [0.00e+00]  [0.00e+00]
                                  0.04  [0.00e+00]  [0.00e+00]
 Chi^2 = 20457483.02203,  ndof = 244021
 Chi^2/nu = 83.835 

-----------------------------------------------------------------------------
