-----------------------------------------------------------------------------

Input image     : VCC1890-I-Image.fits[1233:1495,1886:2148] 
Init. par. file : VCC1890.galfit 
Restart file    : galfit.01 
Output image    : VCC1890-Output.fits 

 sersic    : ( 1364.01,  2018.74)   22.62    100.95    0.84    0.60    76.87
             (    0.00,     0.01)    0.00      0.01    0.00    0.00     0.00
 expdisk   : ( 1314.20,  2099.46)  *34.48*    *0.47*  *0.00*   -2.85
             (    0.00,     0.00)   *0.00*    *0.00*  *0.00*    0.00
 sky       : [1364.00, 2017.00]     5.27  [0.00e+00]  [0.00e+00]
                                  0.03  [0.00e+00]  [0.00e+00]
 Chi^2 = 351647.18934,  ndof = 68160
 Chi^2/nu = 5.159 

-----------------------------------------------------------------------------
-----------------------------------------------------------------------------

Input image     : VCC1890-I-Image.fits[1233:1495,1886:2148] 
Init. par. file : VCC1890.galfit 
Restart file    : galfit.02 
Output image    : VCC1890-Output.fits 

 sersic    : ( 1367.66,  2020.48)   23.67     68.47    0.72    0.76   -84.83
             (    0.17,     0.12)    0.05      0.79    0.01    0.00     1.11
 expdisk   : ( 1357.77,  2018.11)   22.74    114.90    0.40    71.28
             (    0.33,     0.13)    0.02      3.23    0.01     0.18
 sky       : [1364.00, 2017.00]     4.46  [0.00e+00]  [0.00e+00]
                                  0.05  [0.00e+00]  [0.00e+00]
 Chi^2 = 336322.56229,  ndof = 68160
 Chi^2/nu = 4.934 

-----------------------------------------------------------------------------
