-----------------------------------------------------------------------------

Input image     : VCC0543-I-Image.fits[991:1258,1881:2148] 
Init. par. file : VCC0543.galfit 
Restart file    : galfit.01 
Output image    : VCC0543-Output.fits 

 sersic    : ( 1125.00,  2015.00)   21.27     36.00    0.87   *0.01*  [62.10]
             (    1.50,     0.79)    0.07      3.24    0.19   *0.00*   [0.00]
 sersic    : ( 1125.00,  2015.00)   20.68     78.00  *25.80*  *0.01*    0.00
             (    0.00,     0.06)    0.83    329.14  *35.45*  *0.00*    0.53
 expdisk   : ( 1125.00,  2015.00)  *64.40*     3.43   *0.01*    0.00
             (93365372920226906112.00, 37841114304086016.00) *37933683734216704.00* 34578302811242496.00 *221622527066112.00* 1361550616607296847872.00
 sky       : [1124.50, 2014.50]     1.90  [0.00e+00]  [0.00e+00]
                                 80.28  [0.00e+00]  [0.00e+00]
 Chi^2 = 10124160334952.11523,  ndof = 71804
 Chi^2/nu = 140997163.597 

-----------------------------------------------------------------------------
-----------------------------------------------------------------------------

Input image     : VCC0543-I-Image.fits[991:1258,1881:2148] 
Init. par. file : VCC0543.galfit 
Restart file    : galfit.02 
Output image    : VCC0543-Output.fits 

 sersic    : ( 1125.00,  2015.00)   21.27     36.00    0.87   *0.01*  [62.10]
             (    1.50,     0.79)    0.07      3.24    0.19   *0.00*   [0.00]
 sersic    : ( 1125.00,  2015.00)   20.68     78.00  *25.80*  *0.01*    0.00
             (    0.00,     0.06)    0.83    329.14  *35.45*  *0.00*    0.53
 expdisk   : ( 1125.00,  2015.00)  *64.40*     3.43   *0.01*    0.00
             (93365372920226906112.00, 37841114304086016.00) *37933683734216704.00* 34578302811242496.00 *221622527066112.00* 1361550616607296847872.00
 sky       : [1124.50, 2014.50]     1.90  [0.00e+00]  [0.00e+00]
                                 80.28  [0.00e+00]  [0.00e+00]
 Chi^2 = 10124160334952.11523,  ndof = 71804
 Chi^2/nu = 140997163.597 

-----------------------------------------------------------------------------
-----------------------------------------------------------------------------

Input image     : VCC0543-I-Image.fits[991:1258,1881:2148] 
Init. par. file : VCC0543.galfit 
Restart file    : galfit.03 
Output image    : VCC0543-Output.fits 

 sersic    : ( 1125.00,  2015.00)   21.27     36.00    0.87   *0.01*  [62.10]
             (    1.50,     0.79)    0.07      3.24    0.19   *0.00*   [0.00]
 sersic    : ( 1125.00,  2015.00)   20.68     78.00  *25.80*  *0.01*    0.00
             (    0.00,     0.06)    0.83    329.14  *35.45*  *0.00*    0.53
 expdisk   : ( 1125.00,  2015.00)  *64.40*     3.43   *0.01*    0.00
             (93365372920226906112.00, 37841114304086016.00) *37933683734216704.00* 34578302811242496.00 *221622527066112.00* 1361550616607296847872.00
 sky       : [1124.50, 2014.50]     1.90  [0.00e+00]  [0.00e+00]
                                 80.28  [0.00e+00]  [0.00e+00]
 Chi^2 = 10124160334952.11523,  ndof = 71804
 Chi^2/nu = 140997163.597 

-----------------------------------------------------------------------------
