-----------------------------------------------------------------------------

Input image     : VCC2050-I-Image.fits[1943:2087,1944:2087] 
Init. par. file : VCC2050.galfit 
Restart file    : galfit.01 
Output image    : VCC2050-Output.fits 

 sersic    : ( 2015.73,  2015.94)   28.72      3.64    1.12    0.90   -55.81
             (    0.02,     0.02)    0.03      0.11    0.03    0.01     5.81
 expdisk   : ( 2015.12,  2015.81)   22.89     35.08    0.49   -54.67
             (    0.02,     0.01)    0.00      0.04    0.00     0.03
 sky       : [2015.00, 2015.50]    11.83  [0.00e+00]  [0.00e+00]
                                  0.06  [0.00e+00]  [0.00e+00]
 Chi^2 = 81952.64774,  ndof = 20817
 Chi^2/nu = 3.937 

-----------------------------------------------------------------------------
-----------------------------------------------------------------------------

Input image     : VCC2050-I-Image.fits[1943:2087,1944:2087] 
Init. par. file : VCC2050-halo.galfit 
Restart file    : galfit.02 
Output image    : VCC2050-Output.fits 

 sersic    : ( 2015.00,  2015.00)   19.91      5.35    0.10    0.51   -54.30
             (    0.02,     0.02)    0.01      0.03    0.00    0.00     0.32
 expdisk   : ( 2015.00,  2015.01)   20.86     80.39    0.70   -56.00
             (   52.99,    83.30)  102.83   2905.54    2.70   124.19
 sersic    : (*1761.26*, *2298.51*)  28.90    710.09    0.11    0.65   -55.00
             (*433464016896.00*, *510310776832.00*) 2441790720.00 457987751936.00 152703936.00 234674704.00 7597601280.00
 sky       : [2015.00, 2015.50]  8.36e-01  [0.00e+00]  [0.00e+00]
                                2.62e+06  [0.00e+00]  [0.00e+00]
 Chi^2 = 524751734416.23407,  ndof = 20810
 Chi^2/nu = 25216325.537 

-----------------------------------------------------------------------------
-----------------------------------------------------------------------------

Input image     : VCC2050-I-Image.fits[1793:2237,1794:2237] 
Init. par. file : VCC2050-halo.galfit 
Restart file    : galfit.03 
Output image    : VCC2050-Output.fits 

 sersic    : ( 2015.00,  2015.00)   19.91      5.35    0.10    0.51   -54.30
             (    0.00,     0.00)    0.00      0.00    0.00    0.00     0.00
 expdisk   : ( 2015.00,  2015.02)   20.87     80.93    0.70   -56.00
             (    0.15,     0.11)    0.25      8.18    0.11     2.91
 sersic    : ( 2035.00,  2035.00)   28.32    618.65    0.06    0.76    65.90
             (808923627520.00, 474140901376.00) 865426432.00 134711189504.00 310724384.00 155665760.00 325714903040.00
 sky       : [2015.00, 2015.50]  9.07e-01  [0.00e+00]  [0.00e+00]
                                2.37e+06  [0.00e+00]  [0.00e+00]
 Chi^2 = 523356532364.80798,  ndof = 196606
 Chi^2/nu = 2661956.056 

-----------------------------------------------------------------------------
-----------------------------------------------------------------------------

Input image     : VCC2050-I-Image.fits[1793:2237,1794:2237] 
Init. par. file : VCC2050-halo.galfit 
Restart file    : galfit.04 
Output image    : VCC2050-Output.fits 

 sersic    : ( 2015.00,  2015.00)   19.91      5.35    0.10    0.51   -54.30
             (    0.00,     0.00)    0.00      0.00    0.00    0.00     0.00
 expdisk   : ( 2015.01,  2015.04)   20.87     81.62    0.71   -56.00
             (    3.49,     2.14)    0.73     24.16    0.12    11.71
 sersic    : ( 2035.00,  1995.00)  *35.63* 11678.30    0.49    0.59   -17.00
             (16301604995072.00, 14107894874112.00) *4206166540288.00* 25791492096.00 99932971008.00 590105149440.00 67816258535424.00
 sky       : [2015.00, 2015.50]  8.20e-01  [0.00e+00]  [0.00e+00]
                                8.67e+04  [0.00e+00]  [0.00e+00]
 Chi^2 = 521555291612.27362,  ndof = 196606
 Chi^2/nu = 2652794.379 

-----------------------------------------------------------------------------
-----------------------------------------------------------------------------

Input image     : VCC2050-I-Image.fits[1793:2237,1794:2237] 
Init. par. file : VCC2050-halo.galfit 
Restart file    : galfit.05 
Output image    : VCC2050-Output.fits 

 sersic    : ( 2015.00,  2015.00)   19.91      5.35    0.10    0.51   -54.30
             (    0.00,     0.00)    0.00      0.00    0.00    0.00     0.00
 expdisk   : ( 2015.00,  2015.02)   20.87     81.02    0.70   -56.00
             (    0.63,     0.45)    0.29      8.97    0.11     2.21
 sersic    : ( 2030.46,  1995.00)   30.00   1088.11    0.11    0.65     5.66
             (1186774253568.00, 3102353129472.00) 203300784.00 2013628288.00 306947616.00 833053440.00 516004806656.00
 sky       : [2015.00, 2015.50]  8.96e-01  [0.00e+00]  [0.00e+00]
                                6.18e+05  [0.00e+00]  [0.00e+00]
 Chi^2 = 523062953251.02795,  ndof = 196606
 Chi^2/nu = 2660462.820 

-----------------------------------------------------------------------------
-----------------------------------------------------------------------------

Input image     : VCC2050-I-Image.fits[1793:2237,1794:2237] 
Init. par. file : VCC2050-halo.galfit 
Restart file    : galfit.06 
Output image    : VCC2050-Output.fits 

 sersic    : ( 2015.66,  2015.98)   27.18      8.24    1.79    0.77   -55.52
             (    0.01,     0.01)    0.03      0.22    0.03    0.00     0.97
 expdisk   : ( 2015.03,  2015.78)   22.61     41.63    0.50   -54.63
             (    0.01,     0.01)    0.00      0.03    0.00     0.03
 sersic    : ( 2033.58,  2034.98)   28.44    233.78    4.50   *0.00*  -89.13
             (    0.74,     0.01)    0.11     43.75    0.40   *0.00*    0.01
 sky       : [2015.00, 2015.50]     2.00  [0.00e+00]  [0.00e+00]
                                  0.01  [0.00e+00]  [0.00e+00]
 Chi^2 = 596324.74291,  ndof = 196606
 Chi^2/nu = 3.033 

-----------------------------------------------------------------------------
-----------------------------------------------------------------------------

Input image     : VCC2050-I-Image.fits[1793:2237,1794:2237] 
Init. par. file : VCC2050-halo.galfit 
Restart file    : galfit.07 
Output image    : VCC2050-Output.fits 

 sersic    : ( 2015.57,  2015.98)   25.95     20.20    1.08    0.54   -53.29
             (    0.04,     0.02)    0.02      0.28    0.01    0.00     0.23
 expdisk   : ( 2014.50,  2015.55)   22.69     45.14    0.48   -54.96
             (    0.02,     0.01)    0.00      0.06    0.00     0.02
 sersic    : ( 2021.56,  2014.95)   24.44    193.78    2.00    0.59    25.52
             (    0.16,     0.24)    0.06     16.63    0.08    0.01     0.62
 sky       : [2015.00, 2015.50]     1.05  [0.00e+00]  [0.00e+00]
                                  0.02  [0.00e+00]  [0.00e+00]
 Chi^2 = 498050.78006,  ndof = 196606
 Chi^2/nu = 2.533 

-----------------------------------------------------------------------------
