-----------------------------------------------------------------------------

Input image     : VCC1499-I-Image.fits[1156:2175,1156:2175] 
Init. par. file : VCC1499.galfit 
Restart file    : galfit.01 
Output image    : VCC1499-Output.fits 

 sersic    : ( 2014.86,  2013.66)   27.94     11.26    0.44    0.34    61.81
             (    0.08,     0.04)    0.02      0.09    0.01    0.00     0.30
 expdisk   : ( 2015.55,  2016.21)   22.68     23.60    0.65    57.20
             (    0.00,     0.00)    0.00      0.01    0.00     0.03
 sky       : [1665.50, 1665.50]  6.69e-01  [0.00e+00]  [0.00e+00]
                                2.24e-03  [0.00e+00]  [0.00e+00]
 Chi^2 = 2455055.10609,  ndof = 1012717
 Chi^2/nu = 2.424 

-----------------------------------------------------------------------------
-----------------------------------------------------------------------------

Input image     : VCC1499-I-Image.fits[1800:2200,1800:2200] 
Init. par. file : VCC1499.galfit 
Restart file    : galfit.02 
Output image    : VCC1499-Output.fits 

 sersic    : ( 2015.47,  2013.27)   29.00      9.42    0.19    0.39    64.59
             (    0.23,     0.11)    0.04      0.21    0.02    0.01     0.92
 expdisk   : ( 2015.50,  2016.16)   22.71     22.84    0.65    57.19
             (    0.01,     0.01)    0.00      0.01    0.00     0.04
 sky       : [2000.00, 2000.00]     2.22  [0.00e+00]  [0.00e+00]
                                  0.01  [0.00e+00]  [0.00e+00]
 Chi^2 = 920513.12851,  ndof = 160706
 Chi^2/nu = 5.728 

-----------------------------------------------------------------------------
