-----------------------------------------------------------------------------

Input image     : VCC0490-I-Image.fits[1889:2142,1888:2141] 
Init. par. file : VCC0490.galfit 
Restart file    : galfit.01 
Output image    : VCC0490-Output.fits 

 sersic    : ( 2016.00,  2015.00)   20.46      0.76    1.64   *0.01*    0.00
             (    2.42,     0.00)    0.11      0.05    0.16   *0.00*    2.71
 sersic    : ( 2016.00,  2015.00)   20.36     13.54  *25.63*  *0.01*    0.00
             (    0.00,     0.00)    0.37      3.98  *18.36*  *0.00*    0.00
 expdisk   : ( 2016.00,  2015.00)  *82.51*    *0.17*  *0.01*    0.00
             (    0.00,     0.00)   *0.00*    *0.00*  *0.00*    0.00
 sky       : [2015.50, 2014.50]     0.00  [0.00e+00]  [0.00e+00]
                                [0.00e+00]  [0.00e+00]  [0.00e+00]
 Chi^2 = 1917013987231.53955,  ndof = 64495
 Chi^2/nu = 29723451.232 

-----------------------------------------------------------------------------
-----------------------------------------------------------------------------

Input image     : VCC0490-I-Image.fits[1889:2142,1888:2141] 
Init. par. file : VCC0490.galfit 
Restart file    : galfit.02 
Output image    : VCC0490-Output.fits 

 sersic    : ( 2016.00,  2015.00)   20.46      4.07    1.64   *0.01*    0.00
             (  255.07,     0.12)    1.56      2.68    1.48   *0.00*  197.05
 sersic    : ( 2016.00,  2015.00)   20.36     72.41  *25.63*  *0.01*    0.00
             (    0.04,     0.04)    5.11    232.05 *247.51*  *0.00*    0.01
 expdisk   : ( 2016.00,  2015.00)  *82.51*     0.90   *0.01*    0.00
             (234653154601939732128595968.00, 234819251823767986372608.00) *6649893288326162219532288.00* 3660843983462010638565376.00 *19359047257425247731712.00* 321789209479438224167272448.00
 sky       : [2015.50, 2014.50]  321789209479438224167272448.00  [0.00e+00]  [0.00e+00]
                                [0.00e+00]  [0.00e+00]  [0.00e+00]
 Chi^2 = 7419405105350.02441,  ndof = 64495
 Chi^2/nu = 115038454.227 

-----------------------------------------------------------------------------
-----------------------------------------------------------------------------

Input image     : VCC0490-I-Image.fits[1889:2142,1888:2141] 
Init. par. file : VCC0490.galfit 
Restart file    : galfit.03 
Output image    : VCC0490-Output.fits 

 sersic    : ( 2016.00,  2015.00)   20.46      4.00    1.64   *0.01*  [54.80]
             (    0.00,     0.00)    0.01      0.02    0.01   *0.00*   [0.00]
 sersic    : ( 2016.00,  2015.00)   20.36     72.00  *25.63*  *0.01*    0.00
             (    0.00,     0.00)    0.03      7.44   *0.98*  *0.00*    0.00
 expdisk   : ( 2016.00,  2015.00)  *82.51*     0.90   *0.01*    0.00
             (    0.00,     0.00)   *0.00*     0.00   *0.00*    0.00
 sky       : [2015.50, 2014.50]     1.90  [0.00e+00]  [0.00e+00]
                                 69.62  [0.00e+00]  [0.00e+00]
 Chi^2 = 6103738115320.13770,  ndof = 64496
 Chi^2/nu = 94637467.677 

-----------------------------------------------------------------------------
-----------------------------------------------------------------------------

Input image     : VCC0490-I-Image.fits[1889:2142,1888:2141] 
Init. par. file : VCC0490.galfit 
Restart file    : galfit.04 
Output image    : VCC0490-Output.fits 

 sersic    : ( 2016.00,  2015.00)   20.46      4.00    1.64   *0.01*  [54.80]
             (    0.00,     0.00)    0.01      0.02    0.01   *0.00*   [0.00]
 sersic    : ( 2016.00,  2015.00)   20.36     72.00  *25.63*  *0.01*    0.00
             (    0.00,     0.00)    0.03      7.44   *0.98*  *0.00*    0.00
 expdisk   : ( 2016.00,  2015.00)  *82.51*     0.90   *0.01*    0.00
             (    0.00,     0.00)   *0.00*     0.00   *0.00*    0.00
 sky       : [2015.50, 2014.50]     1.90  [0.00e+00]  [0.00e+00]
                                 69.62  [0.00e+00]  [0.00e+00]
 Chi^2 = 6103738115320.13770,  ndof = 64496
 Chi^2/nu = 94637467.677 

-----------------------------------------------------------------------------
-----------------------------------------------------------------------------

Input image     : VCC0490-I-Image.fits[1889:2142,1888:2141] 
Init. par. file : VCC0490.galfit 
Restart file    : galfit.05 
Output image    : VCC0490-Output.fits 

 sersic    : ( 2016.00,  2015.00)   20.46      4.00    1.64   *0.01*  [54.80]
             (    0.00,     0.00)    0.01      0.02    0.01   *0.00*   [0.00]
 sersic    : ( 2016.00,  2015.00)   20.36     72.00  *25.63*  *0.01*    0.00
             (    0.00,     0.00)    0.03      7.44   *0.98*  *0.00*    0.00
 expdisk   : ( 2016.00,  2015.00)  *82.51*     0.90   *0.01*    0.00
             (    0.00,     0.00)   *0.00*     0.00   *0.00*    0.00
 sky       : [2015.50, 2014.50]     1.90  [0.00e+00]  [0.00e+00]
                                 69.62  [0.00e+00]  [0.00e+00]
 Chi^2 = 6103738115320.13770,  ndof = 64496
 Chi^2/nu = 94637467.677 

-----------------------------------------------------------------------------
-----------------------------------------------------------------------------

Input image     : VCC0490-I-Image.fits[1889:2142,1888:2141] 
Init. par. file : VCC0490.galfit 
Restart file    : galfit.06 
Output image    : VCC0490-Output.fits 

 sersic    : ( 2016.00,  2015.00)   20.46      4.00    1.64   *0.01*  [54.80]
             (    0.00,     0.00)    0.01      0.02    0.01   *0.00*   [0.00]
 sersic    : ( 2016.00,  2015.00)   20.36     72.00  *25.63*  *0.01*    0.00
             (    0.00,     0.00)    0.03      7.44   *0.98*  *0.00*    0.00
 expdisk   : ( 2016.00,  2015.00)  *82.51*     0.90   *0.01*    0.00
             (    0.00,     0.00)   *0.00*     0.00   *0.00*    0.00
 sky       : [2015.50, 2014.50]     1.90  [0.00e+00]  [0.00e+00]
                                 69.62  [0.00e+00]  [0.00e+00]
 Chi^2 = 6103738115320.13770,  ndof = 64496
 Chi^2/nu = 94637467.677 

-----------------------------------------------------------------------------
-----------------------------------------------------------------------------

Input image     : VCC0490-I-Image.fits[1814:2217,1813:2216] 
Init. par. file : VCC0490.galfit 
Restart file    : galfit.07 
Output image    : VCC0490-Output.fits 

 sersic    : ( 2015.97,  2016.83)  *36.92* 72168.54    5.49   *0.09*   13.02
             (5840084.50, 25050802.00) *33243282.00* 2269133406208.00 23317132.00 *118775.48* 3797495.50
 sersic    : ( 2016.37,  2015.19)   17.30   5941.28    4.96    0.81   -75.45
             (    0.02,     0.02)    0.08    478.41    0.06    0.00     0.16
 sky       : [2015.50, 2014.50]   -19.13  [0.00e+00]  [0.00e+00]
                                  0.34  [0.00e+00]  [0.00e+00]
 Chi^2 = 3910071.79145,  ndof = 163201
 Chi^2/nu = 23.959 

-----------------------------------------------------------------------------
-----------------------------------------------------------------------------

Input image     : VCC0490-I-Image.fits[1814:2217,1813:2216] 
Init. par. file : VCC0490.galfit 
Restart file    : galfit.08 
Output image    : VCC0490-Output.fits 

 sersic    : ( 2015.97,  2016.83)  *36.92* 72168.54    5.49   *0.09*   13.02
             (5840084.50, 25050802.00) *33243282.00* 2269133406208.00 23317132.00 *118775.48* 3797495.50
 sersic    : ( 2016.37,  2015.19)   17.30   5941.28    4.96    0.81   -75.45
             (    0.02,     0.02)    0.08    478.41    0.06    0.00     0.16
 sky       : [2015.50, 2014.50]   -19.13  [0.00e+00]  [0.00e+00]
                                  0.34  [0.00e+00]  [0.00e+00]
 Chi^2 = 3910071.79145,  ndof = 163201
 Chi^2/nu = 23.959 

-----------------------------------------------------------------------------
-----------------------------------------------------------------------------

Input image     : VCC0490-I-Image.fits[1814:2217,1813:2216] 
Init. par. file : VCC0490.galfit 
Restart file    : galfit.09 
Output image    : VCC0490-Output.fits 

 sersic    : ( 2015.97,  2016.83)  *36.92* 72168.54    5.49   *0.09*   13.02
             (5840084.50, 25050802.00) *33243282.00* 2269133406208.00 23317132.00 *118775.48* 3797495.50
 sersic    : ( 2016.37,  2015.19)   17.30   5941.28    4.96    0.81   -75.45
             (    0.02,     0.02)    0.08    478.41    0.06    0.00     0.16
 sky       : [2015.50, 2014.50]   -19.13  [0.00e+00]  [0.00e+00]
                                  0.34  [0.00e+00]  [0.00e+00]
 Chi^2 = 3910071.79145,  ndof = 163201
 Chi^2/nu = 23.959 

-----------------------------------------------------------------------------
-----------------------------------------------------------------------------

Input image     : VCC0490-I-Image.fits[1814:2217,1813:2216] 
Init. par. file : VCC0490.galfit 
Restart file    : galfit.10 
Output image    : VCC0490-Output.fits 

 sersic    : ( 2015.97,  2016.83)  *36.92* 72168.54    5.49   *0.09*   13.02
             (5840084.50, 25050802.00) *33243282.00* 2269133406208.00 23317132.00 *118775.48* 3797495.50
 sersic    : ( 2016.37,  2015.19)   17.30   5941.28    4.96    0.81   -75.45
             (    0.02,     0.02)    0.08    478.41    0.06    0.00     0.16
 sky       : [2015.50, 2014.50]   -19.13  [0.00e+00]  [0.00e+00]
                                  0.34  [0.00e+00]  [0.00e+00]
 Chi^2 = 3910071.79145,  ndof = 163201
 Chi^2/nu = 23.959 

-----------------------------------------------------------------------------
