-----------------------------------------------------------------------------

Input image     : VCC0654-I-Image.fits[1774:2256,1774:2256] 
Init. par. file : VCC0654.galfit 
Restart file    : galfit.01 
Output image    : VCC0654-Output.fits 

 sersic    : ( 2015.00,  2015.00)   18.61     29.00    2.00    0.12    89.50
             (    0.03,     0.01)    0.01      0.15    0.02    0.00     0.01
 sersic    : ( 2015.00,  2015.00)   19.67    145.00  *26.18*   0.33   -85.50
             (    0.06,     0.10)    0.24    169.24   *8.70*   0.02     0.84
 sky       : [2015.00, 2015.00]      0.84  [0.00e+00]  [0.00e+00]
                                [0.00e+00]  [0.00e+00]  [0.00e+00]
 Chi^2 = 30515911439.14730,  ndof = 233274
 Chi^2/nu = 130815.742 

-----------------------------------------------------------------------------
-----------------------------------------------------------------------------

Input image     : VCC0654-I-Image.fits[1774:2256,1774:2256] 
Init. par. file : VCC0654.galfit 
Restart file    : galfit.02 
Output image    : VCC0654-Output.fits 

 sersic    : ( 2015.00,  2015.00)   18.61     29.00    2.00    0.12    89.50
             (    0.03,     0.01)    0.01      0.15    0.02    0.00     0.01
 sersic    : ( 2015.00,  2015.00)   19.67    145.00  *26.18*   0.33   -85.50
             (    0.06,     0.10)    0.24    169.24   *8.70*   0.02     0.84
 sky       : [2015.00, 2015.00]      0.84  [0.00e+00]  [0.00e+00]
                                [0.00e+00]  [0.00e+00]  [0.00e+00]
 Chi^2 = 30515911439.14730,  ndof = 233274
 Chi^2/nu = 130815.742 

-----------------------------------------------------------------------------
-----------------------------------------------------------------------------

Input image     : VCC0654-I-Image.fits[1774:2256,1774:2256] 
Init. par. file : VCC0654.galfit 
Restart file    : galfit.03 
Output image    : VCC0654-Output.fits 

 sersic    : ( 2015.00,  2015.00)   18.61     29.00    2.00    0.12    89.50
             (    0.03,     0.01)    0.01      0.15    0.02    0.00     0.01
 sersic    : ( 2015.00,  2015.00)   19.67    145.00  *26.18*   0.33   -85.50
             (    0.06,     0.10)    0.24    169.24   *8.70*   0.02     0.84
 sky       : [2015.00, 2015.00]      0.84  [0.00e+00]  [0.00e+00]
                                [0.00e+00]  [0.00e+00]  [0.00e+00]
 Chi^2 = 30515911439.14730,  ndof = 233274
 Chi^2/nu = 130815.742 

-----------------------------------------------------------------------------
-----------------------------------------------------------------------------

Input image     : VCC0654-I-Image.fits[1774:2256,1774:2256] 
Init. par. file : VCC0654.galfit 
Restart file    : galfit.04 
Output image    : VCC0654-Output.fits 

 sersic    : ( 2015.00,  2015.00)   18.61     29.00    2.00    0.12    89.50
             (    0.03,     0.01)    0.01      0.15    0.02    0.00     0.01
 sersic    : ( 2015.00,  2015.00)   19.67    145.00  *26.18*   0.33   -85.50
             (    0.06,     0.10)    0.24    169.24   *8.70*   0.02     0.84
 sky       : [2015.00, 2015.00]      0.84  [0.00e+00]  [0.00e+00]
                                [0.00e+00]  [0.00e+00]  [0.00e+00]
 Chi^2 = 30515911439.14730,  ndof = 233274
 Chi^2/nu = 130815.742 

-----------------------------------------------------------------------------
