-----------------------------------------------------------------------------

Input image     : VCC0725-I-Image.fits[1793:2236,1795:2238] 
Init. par. file : VCC0725.galfit 
Restart file    : galfit.01 
Output image    : VCC0725-Output.fits 

 sersic    : ( 2015.25,  2017.16)   28.96      1.67    0.67    0.95    43.60
             (    0.01,     0.01)    0.01      0.01    0.01    0.01     6.51
 expdisk   : ( 2012.13,  2014.37)   23.24     55.28    0.99    72.60
             (    0.09,     0.09)    0.00      0.16    0.00    12.83
 sky       : [2014.50, 2016.50]     1.34  [0.00e+00]  [0.00e+00]
                                  0.01  [0.00e+00]  [0.00e+00]
 Chi^2 = 856139.02307,  ndof = 191924
 Chi^2/nu = 4.461 

-----------------------------------------------------------------------------
-----------------------------------------------------------------------------

Input image     : VCC0725-I-Image.fits[1868:2161,1870:2163] 
Init. par. file : VCC0725.galfit 
Restart file    : galfit.02 
Output image    : VCC0725-Output.fits 

 sersic    : ( 2015.25,  2017.16)   28.94      1.69    0.68    0.95    43.46
             (    0.01,     0.01)    0.01      0.02    0.01    0.01     8.66
 expdisk   : ( 2012.05,  2014.40)   23.15     57.91    0.99    54.95
             (    0.11,     0.11)    0.01      0.35    0.00    11.07
 sky       : [2014.50, 2016.50]  7.03e-01  [0.00e+00]  [0.00e+00]
                                6.27e-02  [0.00e+00]  [0.00e+00]
 Chi^2 = 665292.81744,  ndof = 85506
 Chi^2/nu = 7.781 

-----------------------------------------------------------------------------
-----------------------------------------------------------------------------

Input image     : VCC0725-I-Image.fits[1868:2161,1870:2163] 
Init. par. file : VCC0725.galfit 
Restart file    : galfit.03 
Output image    : VCC0725-Output.fits 

 sersic    : ( 2015.25,  2017.16)   28.94      1.69    0.68    0.95    43.46
             (    0.01,     0.01)    0.01      0.02    0.01    0.01     8.66
 expdisk   : ( 2012.05,  2014.40)   23.15     57.91    0.99    54.95
             (    0.11,     0.11)    0.01      0.35    0.00    11.07
 sky       : [2014.50, 2016.50]  7.03e-01  [0.00e+00]  [0.00e+00]
                                6.27e-02  [0.00e+00]  [0.00e+00]
 Chi^2 = 665292.81744,  ndof = 85506
 Chi^2/nu = 7.781 

-----------------------------------------------------------------------------
