-----------------------------------------------------------------------------

Input image     : VCC0510-I-Image.fits[1811:2219,1810:2218] 
Init. par. file : VCC0510.galfit 
Restart file    : galfit.01 
Output image    : VCC0510-Output.fits 

 sersic    : ( 2015.47,  2014.67)   27.49      4.13    2.37    0.99   -31.86
             (    0.00,     0.00)    0.01      0.07    0.03    0.00    31.31
 expdisk   : ( 2016.31,  2014.06)   22.70     45.22    0.81   -36.83
             (    0.02,     0.02)    0.00      0.03    0.00     0.11
 sky       : [2015.00, 2014.00]     4.82  [0.00e+00]  [0.00e+00]
                                  0.01  [0.00e+00]  [0.00e+00]
 Chi^2 = 439949.15948,  ndof = 161784
 Chi^2/nu = 2.719 

-----------------------------------------------------------------------------
-----------------------------------------------------------------------------

Input image     : VCC0510-I-Image.fits[1886:2144,1885:2143] 
Init. par. file : VCC0510-halo.galfit 
Restart file    : galfit.02 
Output image    : VCC0510-Output.fits 

 sersic    : ( 2015.00,  2014.00)   18.40      0.77    0.20    0.79   -34.37
             (    0.00,     0.00)    0.00      0.00    0.00    0.00     0.00
 expdisk   : ( 2015.94,  2015.65)   21.06     37.39    0.98   -39.60
             (   53.67,    23.53)    8.78    188.76    1.58  1349.74
 sersic    : (*2153.91*, 1942.90)  *33.81*  2205.76    0.24    0.16     2.35
             (*137569616.00*, 435386784.00) *12428493824.00* 36744620.00 1047466816.00 504151584.00 63515000832.00
 sky       : [2015.00, 2014.00]    -1.08  [0.00e+00]  [0.00e+00]
                                123232.81  [0.00e+00]  [0.00e+00]
 Chi^2 = 141017608675086.96875,  ndof = 65994
 Chi^2/nu = 2136824691.261 

-----------------------------------------------------------------------------
-----------------------------------------------------------------------------

Input image     : VCC0510-I-Image.fits[1886:2144,1885:2143] 
Init. par. file : VCC0510.galfit 
Restart file    : galfit.03 
Output image    : VCC0510-Output.fits 

 sersic    : ( 2015.46,  2014.81)   28.19      2.19    1.05    0.99    51.29
             (    0.01,     0.01)    0.00      0.01    0.01    0.00    17.72
 expdisk   : ( 2016.26,  2014.07)   22.97     38.27    0.80   -36.57
             (    0.02,     0.02)    0.00      0.05    0.00     0.13
 sky       : [2015.00, 2014.00]     9.21  [0.00e+00]  [0.00e+00]
                                  0.02  [0.00e+00]  [0.00e+00]
 Chi^2 = 216880.84070,  ndof = 66001
 Chi^2/nu = 3.286 

-----------------------------------------------------------------------------
-----------------------------------------------------------------------------

Input image     : VCC0510-I-Image.fits[1886:2144,1885:2143] 
Init. par. file : VCC0510.galfit 
Restart file    : galfit.04 
Output image    : VCC0510-Output.fits 

 sersic    : ( 2015.46,  2014.81)   28.19      2.19    1.05    0.99    51.29
             (    0.01,     0.01)    0.00      0.01    0.01    0.00    17.72
 expdisk   : ( 2016.26,  2014.07)   22.97     38.27    0.80   -36.57
             (    0.02,     0.02)    0.00      0.05    0.00     0.13
 sky       : [2015.00, 2014.00]     9.21  [0.00e+00]  [0.00e+00]
                                  0.02  [0.00e+00]  [0.00e+00]
 Chi^2 = 216880.84070,  ndof = 66001
 Chi^2/nu = 3.286 

-----------------------------------------------------------------------------
