-----------------------------------------------------------------------------

Input image     : VCC0778-I-Image.fits[1783:2247,1783:2247] 
Init. par. file : VCC0778.galfit 
Restart file    : galfit.01 
Output image    : VCC0778-Output.fits 

 sersic    : ( 2015.00,  2015.00)   17.46     17.00    1.84    0.23   -22.20
             (    0.01,     0.02)    0.01      0.08    0.01    0.00     0.03
 sersic    : ( 2015.00,  2015.00)   18.89     62.00  *29.04*   0.21     4.60
             (    0.07,     0.04)    0.11     35.36   *6.50*   0.01     0.39
 sky       : [2015.00, 2015.00]      0.39  [0.00e+00]  [0.00e+00]
                                [0.00e+00]  [0.00e+00]  [0.00e+00]
 Chi^2 = 83585050619.92810,  ndof = 216210
 Chi^2/nu = 386591.974 

-----------------------------------------------------------------------------
-----------------------------------------------------------------------------

Input image     : VCC0778-I-Image.fits[1783:2247,1783:2247] 
Init. par. file : VCC0778.galfit 
Restart file    : galfit.02 
Output image    : VCC0778-Output.fits 

 sersic    : ( 2015.00,  2015.00)   17.46     17.00    1.84    0.50   -22.20
             (    0.02,     0.03)    0.01      0.09    0.02    0.00     0.10
 sersic    : ( 2015.00,  2015.00)   18.89     62.00  *29.04*   1.00     4.60
             (    0.04,     0.04)    0.20     67.06   *9.83*   0.03 1647173.12
 sky       : [2015.00, 2015.00]  1647173.12  [0.00e+00]  [0.00e+00]
                                [0.00e+00]  [0.00e+00]  [0.00e+00]
 Chi^2 = 49416850025.07305,  ndof = 216210
 Chi^2/nu = 228559.502 

-----------------------------------------------------------------------------
-----------------------------------------------------------------------------

Input image     : VCC0778-I-Image.fits[1783:2247,1783:2247] 
Init. par. file : VCC0778.galfit 
Restart file    : galfit.03 
Output image    : VCC0778-Output.fits 

 sersic    : ( 2015.00,  2015.00)   17.46     17.00    1.84    0.50   -22.20
             (    0.02,     0.03)    0.02      0.09    0.02    0.00     0.11
 sersic    : ( 2015.00,  2015.00)   18.89     62.00  *20.00*   1.00     5.56
             (    0.05,     0.05)    0.15     49.50   *5.25*   0.02 1690520.00
 sky       : [2015.00, 2015.00]  1.00e+00  [0.00e+00]  [0.00e+00]
                                3.04e+00  [0.00e+00]  [0.00e+00]
 Chi^2 = 50126529609.76954,  ndof = 216210
 Chi^2/nu = 231841.865 

-----------------------------------------------------------------------------
-----------------------------------------------------------------------------

Input image     : VCC0778-I-Image.fits[1783:2247,1783:2247] 
Init. par. file : VCC0778.galfit 
Restart file    : galfit.04 
Output image    : VCC0778-Output.fits 

 sersic    : ( 2015.02,  2015.19)   17.63     15.04    2.16    0.51   -22.12
             (    0.02,     0.02)    0.01      0.06    0.01    0.00     0.08
 sersic    : ( 2015.00,  2015.05)   19.82    306.58  *20.00*   0.79    64.37
             (    0.24,     0.18)    0.86   1115.73  *16.40*   0.08     7.97
 sky       : [2015.00, 2015.00]    -4.71  [0.00e+00]  [0.00e+00]
                                  2.73  [0.00e+00]  [0.00e+00]
 Chi^2 = 25290013841.24773,  ndof = 216210
 Chi^2/nu = 116969.677 

-----------------------------------------------------------------------------
-----------------------------------------------------------------------------

Input image     : VCC0778-I-Image.fits[1783:2247,1783:2247] 
Init. par. file : VCC0778.galfit 
Restart file    : galfit.05 
Output image    : VCC0778-Output.fits 

 sersic    : ( 2015.28,  2015.77)   20.54     15.68    1.39    0.78   -20.43
             (    0.01,     0.02)    0.00      0.05    0.01    0.00     0.15
 sersic    : ( 2009.88,  2019.65)   20.05     96.71    0.62    0.88    16.22
             (    0.06,     0.07)    0.00      0.12    0.00    0.00     0.27
 sky       : [2015.00, 2015.00]     6.03  [0.00e+00]  [0.00e+00]
                                  0.18  [0.00e+00]  [0.00e+00]
 Chi^2 = 68418047.17628,  ndof = 216210
 Chi^2/nu = 316.443 

-----------------------------------------------------------------------------
-----------------------------------------------------------------------------

Input image     : VCC0778-I-Image.fits[1783:2247,1783:2247] 
Init. par. file : VCC0778.galfit 
Restart file    : galfit.06 
Output image    : VCC0778-Output.fits 

 sersic    : ( 2015.00,  2015.00)   17.46     17.00    1.84    0.23   -22.20
             (    0.01,     0.02)    0.01      0.08    0.01    0.00     0.03
 sersic    : ( 2015.00,  2015.00)   18.89     62.00  *29.04*   0.21     4.60
             (    0.07,     0.04)    0.11     35.36   *6.50*   0.01     0.39
 sky       : [2015.00, 2015.00]      0.39  [0.00e+00]  [0.00e+00]
                                [0.00e+00]  [0.00e+00]  [0.00e+00]
 Chi^2 = 83585050619.92810,  ndof = 216210
 Chi^2/nu = 386591.974 

-----------------------------------------------------------------------------
-----------------------------------------------------------------------------

Input image     : VCC0778-I-Image.fits[1783:2247,1783:2247] 
Init. par. file : VCC0778-Works.galfit 
Restart file    : galfit.07 
Output image    : VCC0778-Output.fits 

 sersic    : ( 2015.28,  2015.77)   20.54     15.68    1.39    0.78   -20.43
             (    0.01,     0.02)    0.00      0.05    0.01    0.00     0.15
 sersic    : ( 2009.88,  2019.65)   20.05     96.71    0.62    0.88    16.22
             (    0.06,     0.07)    0.00      0.12    0.00    0.00     0.27
 sky       : [2015.00, 2015.00]     6.03  [0.00e+00]  [0.00e+00]
                                  0.18  [0.00e+00]  [0.00e+00]
 Chi^2 = 68418047.17628,  ndof = 216210
 Chi^2/nu = 316.443 

-----------------------------------------------------------------------------
